<?xml version="1.0" encoding="UTF-8"?>
<!-- Generated by org.testng.reporters.JUnitXMLReporter -->
<testsuite ignored="1" hostname="Trayambkay" failures="0" tests="1" name="Default test" time="0.075" errors="0" timestamp="2024-01-18T17:42:49 IST">
  <testcase classname="practiseAllSDET52.LastIndexLastRepeated" name="main2" time="0.011"/>
  <testcase classname="practiseAllSDET52.LastIndexLastRepeated" name="main1" time="0.0">
    <ignored/>
  </testcase> <!-- main1 -->
</testsuite> <!-- Default test -->
