<?xml version="1.0" encoding="UTF-8"?>
<!-- Generated by org.testng.reporters.JUnitXMLReporter -->
<testsuite ignored="1" hostname="Trayambkay" failures="0" tests="1" name="Default test" time="0.083" errors="0" timestamp="2024-01-15T16:51:14 IST">
  <testcase classname="TyssMail.Arpan_20220817_112759" name="mergeArray" time="0.014"/>
  <testcase classname="TyssMail.Arpan_20220817_112759" name="caseConversion" time="0.0">
    <ignored/>
  </testcase> <!-- caseConversion -->
</testsuite> <!-- Default test -->
