<?xml version="1.0" encoding="UTF-8"?>
<testng-results ignored="0" total="1" passed="1" failed="0" skipped="0">
  <reporter-output>
  </reporter-output>
  <suite started-at="2024-01-18T17:42:49 IST" name="Default suite" finished-at="2024-01-18T17:42:49 IST" duration-ms="75">
    <groups>
    </groups>
    <test started-at="2024-01-18T17:42:49 IST" name="Default test" finished-at="2024-01-18T17:42:49 IST" duration-ms="75">
      <class name="practiseAllSDET52.LastIndexLastRepeated">
        <test-method signature="main2()[pri:0, instance:practiseAllSDET52.LastIndexLastRepeated@74e52ef6]" started-at="2024-01-18T17:42:49 IST" name="main2" finished-at="2024-01-18T17:42:49 IST" duration-ms="11" status="PASS">
          <reporter-output>
          </reporter-output>
        </test-method> <!-- main2 -->
      </class> <!-- practiseAllSDET52.LastIndexLastRepeated -->
    </test> <!-- Default test -->
  </suite> <!-- Default suite -->
</testng-results>
