<?xml version="1.0" encoding="UTF-8"?>
<testng-results ignored="0" total="1" passed="1" failed="0" skipped="0">
  <reporter-output>
  </reporter-output>
  <suite started-at="2024-02-07T17:43:24 IST" name="Default suite" finished-at="2024-02-07T17:44:01 IST" duration-ms="37169">
    <groups>
    </groups>
    <test started-at="2024-02-07T17:43:24 IST" name="Default test" finished-at="2024-02-07T17:44:01 IST" duration-ms="37169">
      <class name="selfPractise.MakeMyTripEndToEnd">
        <test-method signature="mmt()[pri:0, instance:selfPractise.MakeMyTripEndToEnd@413d1baf]" started-at="2024-02-07T17:43:24 IST" name="mmt" finished-at="2024-02-07T17:44:01 IST" duration-ms="37109" status="PASS">
          <reporter-output>
          </reporter-output>
        </test-method> <!-- mmt -->
      </class> <!-- selfPractise.MakeMyTripEndToEnd -->
    </test> <!-- Default test -->
  </suite> <!-- Default suite -->
</testng-results>
